<?xml version="1.0" encoding="UTF-8"?>
<robot generator="Robot 5.0.1 (Python 3.8.10 on linux)" generated="20230329 21:51:34.862" rpa="false" schemaversion="3">
<suite id="s1" name="Tests" source="/home/rogeraguilera/Documentos/Robocamp/tests">
<suite id="s1-s1" name="Login" source="/home/rogeraguilera/Documentos/Robocamp/tests/login.robot">
<kw name="Deve acessar o site" library="valida-login" type="SETUP">
<kw name="Open Browser" library="SeleniumLibrary">
<arg>${BASE_URL}</arg>
<arg>chrome</arg>
<doc>Opens a new browser instance to the optional ``url``.</doc>
<msg timestamp="20230329 21:51:35.092" level="INFO">Opening browser 'chrome' to base url 'http://zepalheta-web:3000'.</msg>
<msg timestamp="20230329 21:51:38.147" level="INFO" html="true">&lt;/td&gt;&lt;/tr&gt;&lt;tr&gt;&lt;td colspan="3"&gt;&lt;a href="selenium-screenshot-5.png"&gt;&lt;img src="selenium-screenshot-5.png" width="800px"&gt;&lt;/a&gt;</msg>
<msg timestamp="20230329 21:51:38.148" level="FAIL">WebDriverException: Message: unknown error: net::ERR_CONNECTION_REFUSED
  (Session info: chrome=111.0.5563.64)
Stacktrace:
#0 0x563bf32b8243 &lt;unknown&gt;
#1 0x563bf307c7a6 &lt;unknown&gt;
#2 0x563bf3074728 &lt;unknown&gt;
#3 0x563bf3067772 &lt;unknown&gt;
#4 0x563bf3068e82 &lt;unknown&gt;
#5 0x563bf3067b3a &lt;unknown&gt;
#6 0x563bf3066bf8 &lt;unknown&gt;
#7 0x563bf3066a30 &lt;unknown&gt;
#8 0x563bf3065508 &lt;unknown&gt;
#9 0x563bf3065b3d &lt;unknown&gt;
#10 0x563bf307e596 &lt;unknown&gt;
#11 0x563bf30f2fc5 &lt;unknown&gt;
#12 0x563bf30da082 &lt;unknown&gt;
#13 0x563bf30f2932 &lt;unknown&gt;
#14 0x563bf30d9e53 &lt;unknown&gt;
#15 0x563bf30ac9ea &lt;unknown&gt;
#16 0x563bf30adb2e &lt;unknown&gt;
#17 0x563bf330cd5e &lt;unknown&gt;
#18 0x563bf3310a80 &lt;unknown&gt;
#19 0x563bf32f28b0 &lt;unknown&gt;
#20 0x563bf3311b63 &lt;unknown&gt;
#21 0x563bf32e3f75 &lt;unknown&gt;
#22 0x563bf3334998 &lt;unknown&gt;
#23 0x563bf3334b27 &lt;unknown&gt;
#24 0x563bf334fc23 &lt;unknown&gt;
#25 0x7fadcf600609 start_thread
</msg>
<status status="FAIL" starttime="20230329 21:51:35.092" endtime="20230329 21:51:38.150"/>
</kw>
<kw name="Sleep" library="BuiltIn">
<arg>3</arg>
<doc>Pauses the test executed for the given time.</doc>
<status status="NOT RUN" starttime="20230329 21:51:38.151" endtime="20230329 21:51:38.151"/>
</kw>
<status status="FAIL" starttime="20230329 21:51:35.092" endtime="20230329 21:51:38.151"/>
</kw>
<test id="s1-s1-t1" name="CT001 - Teste de Login Válido" line="10">
<tag>LoginSuccess</tag>
<status status="FAIL" starttime="20230329 21:51:38.151" endtime="20230329 21:51:38.153">Parent suite setup failed:
WebDriverException: Message: unknown error: net::ERR_CONNECTION_REFUSED
  (Session info: chrome=111.0.5563.64)
Stacktrace:
#0 0x563bf32b8243 &lt;unknown&gt;
#1 0x563bf307c7a6 &lt;unknown&gt;
#2 0x563bf3074728 &lt;unknown&gt;
#3 0x563bf3067772 &lt;unknown&gt;
#4 0x563bf3068e82 &lt;unknown&gt;
#5 0x563bf3067b3a &lt;unknown&gt;
#6 0x563bf3066bf8 &lt;unknown&gt;
#7 0x563bf3066a30 &lt;unknown&gt;
#8 0x563bf3065508 &lt;unknown&gt;
#9 0x563bf3065b3d &lt;unknown&gt;
#10 0x563bf307e596 &lt;unknown&gt;
#11 0x563bf30f2fc5 &lt;unknown&gt;
#12 0x563bf30da082 &lt;unknown&gt;
#13 0x563bf30f2932 &lt;unknown&gt;
#14 0x563bf30d9e53 &lt;unknown&gt;
#15 0x563bf30ac9ea &lt;unknown&gt;
#16 0x563bf30adb2e &lt;unknown&gt;
#17 0x563bf330cd5e &lt;unknown&gt;
#18 0x563bf3310a80 &lt;unknown&gt;
#19 0x563bf32f28b0 &lt;unknown&gt;
#20 0x563bf3311b63 &lt;unknown&gt;
#21 0x563bf32e3f75 &lt;unknown&gt;
#22 0x563bf3334998 &lt;unknown&gt;
#23 0x563bf3334b27 &lt;unknown&gt;
#24 0x563bf334fc23 &lt;unknown&gt;
#25 0x7fadcf600609 start_thread
</status>
</test>
<test id="s1-s1-t2" name="CT002 - Teste de Login Inválido" line="15">
<tag>PassIncorrect</tag>
<status status="FAIL" starttime="20230329 21:51:38.154" endtime="20230329 21:51:38.156">Parent suite setup failed:
WebDriverException: Message: unknown error: net::ERR_CONNECTION_REFUSED
  (Session info: chrome=111.0.5563.64)
Stacktrace:
#0 0x563bf32b8243 &lt;unknown&gt;
#1 0x563bf307c7a6 &lt;unknown&gt;
#2 0x563bf3074728 &lt;unknown&gt;
#3 0x563bf3067772 &lt;unknown&gt;
#4 0x563bf3068e82 &lt;unknown&gt;
#5 0x563bf3067b3a &lt;unknown&gt;
#6 0x563bf3066bf8 &lt;unknown&gt;
#7 0x563bf3066a30 &lt;unknown&gt;
#8 0x563bf3065508 &lt;unknown&gt;
#9 0x563bf3065b3d &lt;unknown&gt;
#10 0x563bf307e596 &lt;unknown&gt;
#11 0x563bf30f2fc5 &lt;unknown&gt;
#12 0x563bf30da082 &lt;unknown&gt;
#13 0x563bf30f2932 &lt;unknown&gt;
#14 0x563bf30d9e53 &lt;unknown&gt;
#15 0x563bf30ac9ea &lt;unknown&gt;
#16 0x563bf30adb2e &lt;unknown&gt;
#17 0x563bf330cd5e &lt;unknown&gt;
#18 0x563bf3310a80 &lt;unknown&gt;
#19 0x563bf32f28b0 &lt;unknown&gt;
#20 0x563bf3311b63 &lt;unknown&gt;
#21 0x563bf32e3f75 &lt;unknown&gt;
#22 0x563bf3334998 &lt;unknown&gt;
#23 0x563bf3334b27 &lt;unknown&gt;
#24 0x563bf334fc23 &lt;unknown&gt;
#25 0x7fadcf600609 start_thread
</status>
</test>
<kw name="Fechar o sistema" library="valida-login" type="TEARDOWN">
<kw name="Sleep" library="BuiltIn">
<arg>5</arg>
<doc>Pauses the test executed for the given time.</doc>
<status status="FAIL" starttime="20230329 21:51:38.158" endtime="20230329 21:51:41.008"/>
</kw>
<kw name="Close Browser" library="SeleniumLibrary">
<doc>Closes the current browser.</doc>
<status status="NOT RUN" starttime="20230329 21:51:41.008" endtime="20230329 21:51:41.008"/>
</kw>
<status status="FAIL" starttime="20230329 21:51:38.157" endtime="20230329 21:51:41.008">Execution terminated by signal</status>
</kw>
<doc>Suíte de testes da área de login</doc>
<status status="FAIL" starttime="20230329 21:51:34.885" endtime="20230329 21:51:41.009">Suite setup failed:
WebDriverException: Message: unknown error: net::ERR_CONNECTION_REFUSED
  (Session info: chrome=111.0.5563.64)
Stacktrace:
#0 0x563bf32b8243 &lt;unknown&gt;
#1 0x563bf307c7a6 &lt;unknown&gt;
#2 0x563bf3074728 &lt;unknown&gt;
#3 0x563bf3067772 &lt;unknown&gt;
#4 0x563bf3068e82 &lt;unknown&gt;
#5 0x563bf3067b3a &lt;unknown&gt;
#6 0x563bf3066bf8 &lt;unknown&gt;
#7 0x563bf3066a30 &lt;unknown&gt;
#8 0x563bf3065508 &lt;unknown&gt;
#9 0x563bf3065b3d &lt;unknown&gt;
#10 0x563bf307e596 &lt;unknown&gt;
#11 0x563bf30f2fc5 &lt;unknown&gt;
#12 0x563bf30da082 &lt;unknown&gt;
#13 0x563bf30f2932 &lt;unknown&gt;
#14 0x563bf30d9e53 &lt;unknown&gt;
#15 0x563bf30ac9ea &lt;unknown&gt;
#16 0x563bf30adb2e &lt;unknown&gt;
#17 0x563bf330cd5e &lt;unknown&gt;
#18 0x563bf3310a80 &lt;unknown&gt;
#19 0x563bf32f28b0 &lt;unknown&gt;
#20 0x563bf3311b63 &lt;unknown&gt;
#21 0x563bf32e3f75 &lt;unknown&gt;
#22 0x563bf3334998 &lt;unknown&gt;
#23 0x563bf3334b27 &lt;unknown&gt;
#24 0x563bf334fc23 &lt;unknown&gt;
#25 0x7fadcf600609 start_thread


Also suite teardown failed:
Execution terminated by signal</status>
</suite>
<status status="FAIL" starttime="20230329 21:51:34.864" endtime="20230329 21:51:41.011"/>
</suite>
<statistics>
<total>
<stat pass="0" fail="2" skip="0">All Tests</stat>
</total>
<tag>
<stat pass="0" fail="1" skip="0">LoginSuccess</stat>
<stat pass="0" fail="1" skip="0">PassIncorrect</stat>
</tag>
<suite>
<stat pass="0" fail="2" skip="0" id="s1" name="Tests">Tests</stat>
<stat pass="0" fail="2" skip="0" id="s1-s1" name="Login">Tests.Login</stat>
</suite>
</statistics>
<errors>
</errors>
</robot>
